<?xml version="1.0" encoding="UTF-8"?>
<testng-results skipped="0" failed="1" ignored="0" total="1" passed="0">
  <reporter-output>
  </reporter-output>
  <suite name="Default suite" duration-ms="14819" started-at="2018-03-15T14:32:07Z" finished-at="2018-03-15T14:32:22Z">
    <groups>
    </groups>
    <test name="Default test" duration-ms="14819" started-at="2018-03-15T14:32:07Z" finished-at="2018-03-15T14:32:22Z">
      <class name="testPackage.Untitled">
        <test-method status="PASS" signature="extentReportSetUp()[pri:0, instance:testPackage.Untitled@b4cef0]" name="extentReportSetUp" is-config="true" duration-ms="26411" started-at="2018-03-15T20:01:40Z" finished-at="2018-03-15T20:02:07Z">
          <reporter-output>
          </reporter-output>
        </test-method> <!-- extentReportSetUp -->
        <test-method status="PASS" signature="extentbeforeMethod(java.lang.reflect.Method)[pri:0, instance:testPackage.Untitled@b4cef0]" name="extentbeforeMethod" is-config="true" duration-ms="4" started-at="2018-03-15T20:02:07Z" finished-at="2018-03-15T20:02:07Z">
          <params>
            <param index="0">
              <value>
                <![CDATA[public void testPackage.Untitled.testUntitled() throws java.lang.InterruptedException]]>
              </value>
            </param>
          </params>
          <reporter-output>
          </reporter-output>
        </test-method> <!-- extentbeforeMethod -->
        <test-method status="FAIL" signature="testUntitled()[pri:0, instance:testPackage.Untitled@b4cef0]" name="testUntitled" duration-ms="11123" started-at="2018-03-15T20:02:07Z" finished-at="2018-03-15T20:02:18Z">
          <exception class="java.lang.NullPointerException">
            <full-stacktrace>
              <![CDATA[java.lang.NullPointerException
	at com.google.common.base.Preconditions.checkNotNull(Preconditions.java:212)
	at org.openqa.selenium.support.ui.FluentWait.<init>(FluentWait.java:102)
	at org.openqa.selenium.support.ui.WebDriverWait.<init>(WebDriverWait.java:71)
	at org.openqa.selenium.support.ui.WebDriverWait.<init>(WebDriverWait.java:45)
	at testPackage.Untitled.waitFor(Untitled.java:64)
	at testPackage.Untitled.waitForElement(Untitled.java:72)
	at testPackage.Untitled.testUntitled(Untitled.java:128)
	at sun.reflect.NativeMethodAccessorImpl.invoke0(Native Method)
	at sun.reflect.NativeMethodAccessorImpl.invoke(NativeMethodAccessorImpl.java:62)
	at sun.reflect.DelegatingMethodAccessorImpl.invoke(DelegatingMethodAccessorImpl.java:43)
	at java.lang.reflect.Method.invoke(Method.java:498)
	at org.testng.internal.MethodInvocationHelper.invokeMethod(MethodInvocationHelper.java:108)
	at org.testng.internal.Invoker.invokeMethod(Invoker.java:669)
	at org.testng.internal.Invoker.invokeTestMethod(Invoker.java:877)
	at org.testng.internal.Invoker.invokeTestMethods(Invoker.java:1201)
	at org.testng.internal.TestMethodWorker.invokeTestMethods(TestMethodWorker.java:125)
	at org.testng.internal.TestMethodWorker.run(TestMethodWorker.java:109)
	at org.testng.TestRunner.privateRun(TestRunner.java:776)
	at org.testng.TestRunner.run(TestRunner.java:634)
	at org.testng.SuiteRunner.runTest(SuiteRunner.java:425)
	at org.testng.SuiteRunner.runSequentially(SuiteRunner.java:420)
	at org.testng.SuiteRunner.privateRun(SuiteRunner.java:385)
	at org.testng.SuiteRunner.run(SuiteRunner.java:334)
	at org.testng.SuiteRunnerWorker.runSuite(SuiteRunnerWorker.java:52)
	at org.testng.SuiteRunnerWorker.run(SuiteRunnerWorker.java:86)
	at org.testng.TestNG.runSuitesSequentially(TestNG.java:1318)
	at org.testng.TestNG.runSuitesLocally(TestNG.java:1243)
	at org.testng.TestNG.runSuites(TestNG.java:1161)
	at org.testng.TestNG.run(TestNG.java:1129)
	at org.testng.remote.AbstractRemoteTestNG.run(AbstractRemoteTestNG.java:114)
	at org.testng.remote.RemoteTestNG.initAndRun(RemoteTestNG.java:251)
	at org.testng.remote.RemoteTestNG.main(RemoteTestNG.java:77)
]]>
            </full-stacktrace>
          </exception> <!-- java.lang.NullPointerException -->
          <reporter-output>
          </reporter-output>
        </test-method> <!-- testUntitled -->
        <test-method status="PASS" signature="extentGetResult(org.testng.ITestResult)[pri:0, instance:testPackage.Untitled@b4cef0]" name="extentGetResult" is-config="true" duration-ms="3679" started-at="2018-03-15T20:02:18Z" finished-at="2018-03-15T20:02:22Z">
          <params>
            <param index="0">
              <value>
                <![CDATA[[TestResult name=testUntitled status=FAILURE method=Untitled.testUntitled()[pri:0, instance:testPackage.Untitled@b4cef0] output={null}]]]>
              </value>
            </param>
          </params>
          <reporter-output>
          </reporter-output>
        </test-method> <!-- extentGetResult -->
        <test-method status="PASS" signature="tearDown()[pri:0, instance:testPackage.Untitled@b4cef0]" name="tearDown" is-config="true" duration-ms="206" started-at="2018-03-15T20:02:22Z" finished-at="2018-03-15T20:02:22Z">
          <reporter-output>
          </reporter-output>
        </test-method> <!-- tearDown -->
      </class> <!-- testPackage.Untitled -->
    </test> <!-- Default test -->
  </suite> <!-- Default suite -->
</testng-results>
