<?xml version="1.0" encoding="UTF-8"?>
<testng-results skipped="0" failed="1" ignored="0" total="1" passed="0">
  <reporter-output>
  </reporter-output>
  <suite name="Default suite" duration-ms="46370" started-at="2018-03-16T05:00:12Z" finished-at="2018-03-16T05:00:58Z">
    <groups>
    </groups>
    <test name="Default test" duration-ms="46370" started-at="2018-03-16T05:00:12Z" finished-at="2018-03-16T05:00:58Z">
      <class name="mBankingTestPages.LoginPageTest">
        <test-method status="PASS" signature="extentReportSetUp()[pri:0, instance:mBankingTestPages.LoginPageTest@31330c]" name="extentReportSetUp" is-config="true" duration-ms="88873" started-at="2018-03-16T10:28:43Z" finished-at="2018-03-16T10:30:12Z">
          <reporter-output>
          </reporter-output>
        </test-method> <!-- extentReportSetUp -->
        <test-method status="PASS" signature="extentbeforeMethod(java.lang.reflect.Method)[pri:0, instance:mBankingTestPages.LoginPageTest@31330c]" name="extentbeforeMethod" is-config="true" duration-ms="6" started-at="2018-03-16T10:30:12Z" finished-at="2018-03-16T10:30:12Z">
          <params>
            <param index="0">
              <value>
                <![CDATA[public void mBankingTestPages.LoginPageTest.appLogin() throws java.lang.InterruptedException]]>
              </value>
            </param>
          </params>
          <reporter-output>
          </reporter-output>
        </test-method> <!-- extentbeforeMethod -->
        <test-method status="FAIL" signature="appLogin()[pri:2, instance:mBankingTestPages.LoginPageTest@31330c]" name="appLogin" duration-ms="37338" started-at="2018-03-16T10:30:12Z" finished-at="2018-03-16T10:30:49Z">
          <exception class="org.openqa.selenium.NoSuchElementException">
            <message>
              <![CDATA[An element could not be located on the page using the given search parameters. (WARNING: The server did not provide any stacktrace information)
Command duration or timeout: 2.43 seconds
For documentation on this error, please visit: http://seleniumhq.org/exceptions/no_such_element.html
Build info: version: '2.53.1', revision: 'a36b8b1cd5757287168e54b817830adce9b0158d', time: '2016-06-30 19:26:09'
System info: host: 'FSSCHND13937', ip: '10.44.71.115', os.name: 'Windows 7', os.arch: 'x86', os.version: '6.1', java.version: '1.8.0_144'
Driver info: io.appium.java_client.android.AndroidDriver
Capabilities [{appPackage=com.fss.united, deviceScreenSize=1080x1920, networkConnectionEnabled=true, orientation=null, noReset=true, warnings={}, databaseEnabled=false, deviceName=emulator-5554, platform=LINUX, deviceUDID=emulator-5554, appActivity=SplashScreen, desired={appPackage=com.fss.united, appActivity=SplashScreen, orientation=null, noReset=true, newCommandTimeout=9000, platformVersion=6.0, platformName=Android, udid=emulator-5554, deviceName=e3a9c5b6}, newCommandTimeout=9000, platformVersion=5.0, webStorageEnabled=false, locationContextEnabled=false, takesScreenshot=true, javascriptEnabled=true, deviceModel=sdk_phone_armv7, platformName=Android, udid=emulator-5554, deviceManufacturer=unknown}]
Session ID: 0cc35424-23a3-4227-84e4-4b6f0bc7296c
*** Element info: {Using=xpath, value=//android.widget.EditText[@text='Application PIN']}]]>
            </message>
            <full-stacktrace>
              <![CDATA[org.openqa.selenium.NoSuchElementException: An element could not be located on the page using the given search parameters. (WARNING: The server did not provide any stacktrace information)
Command duration or timeout: 2.43 seconds
For documentation on this error, please visit: http://seleniumhq.org/exceptions/no_such_element.html
Build info: version: '2.53.1', revision: 'a36b8b1cd5757287168e54b817830adce9b0158d', time: '2016-06-30 19:26:09'
System info: host: 'FSSCHND13937', ip: '10.44.71.115', os.name: 'Windows 7', os.arch: 'x86', os.version: '6.1', java.version: '1.8.0_144'
Driver info: io.appium.java_client.android.AndroidDriver
Capabilities [{appPackage=com.fss.united, deviceScreenSize=1080x1920, networkConnectionEnabled=true, orientation=null, noReset=true, warnings={}, databaseEnabled=false, deviceName=emulator-5554, platform=LINUX, deviceUDID=emulator-5554, appActivity=SplashScreen, desired={appPackage=com.fss.united, appActivity=SplashScreen, orientation=null, noReset=true, newCommandTimeout=9000, platformVersion=6.0, platformName=Android, udid=emulator-5554, deviceName=e3a9c5b6}, newCommandTimeout=9000, platformVersion=5.0, webStorageEnabled=false, locationContextEnabled=false, takesScreenshot=true, javascriptEnabled=true, deviceModel=sdk_phone_armv7, platformName=Android, udid=emulator-5554, deviceManufacturer=unknown}]
Session ID: 0cc35424-23a3-4227-84e4-4b6f0bc7296c
*** Element info: {Using=xpath, value=//android.widget.EditText[@text='Application PIN']}
	at sun.reflect.NativeConstructorAccessorImpl.newInstance0(Native Method)
	at sun.reflect.NativeConstructorAccessorImpl.newInstance(NativeConstructorAccessorImpl.java:62)
	at sun.reflect.DelegatingConstructorAccessorImpl.newInstance(DelegatingConstructorAccessorImpl.java:45)
	at java.lang.reflect.Constructor.newInstance(Constructor.java:423)
	at org.openqa.selenium.remote.ErrorHandler.createThrowable(ErrorHandler.java:206)
	at org.openqa.selenium.remote.ErrorHandler.throwIfResponseFailed(ErrorHandler.java:158)
	at org.openqa.selenium.remote.RemoteWebDriver.execute(RemoteWebDriver.java:678)
	at io.appium.java_client.DefaultGenericMobileDriver.execute(DefaultGenericMobileDriver.java:40)
	at io.appium.java_client.AppiumDriver.execute(AppiumDriver.java:1)
	at io.appium.java_client.android.AndroidDriver.execute(AndroidDriver.java:1)
	at org.openqa.selenium.remote.RemoteWebDriver.findElement(RemoteWebDriver.java:363)
	at io.appium.java_client.DefaultGenericMobileDriver.findElement(DefaultGenericMobileDriver.java:56)
	at io.appium.java_client.AppiumDriver.findElement(AppiumDriver.java:1)
	at io.appium.java_client.android.AndroidDriver.findElement(AndroidDriver.java:1)
	at org.openqa.selenium.remote.RemoteWebDriver.findElementByXPath(RemoteWebDriver.java:500)
	at io.appium.java_client.DefaultGenericMobileDriver.findElementByXPath(DefaultGenericMobileDriver.java:134)
	at io.appium.java_client.AppiumDriver.findElementByXPath(AppiumDriver.java:1)
	at io.appium.java_client.android.AndroidDriver.findElementByXPath(AndroidDriver.java:1)
	at org.openqa.selenium.By$ByXPath.findElement(By.java:361)
	at org.openqa.selenium.remote.RemoteWebDriver.findElement(RemoteWebDriver.java:355)
	at io.appium.java_client.DefaultGenericMobileDriver.findElement(DefaultGenericMobileDriver.java:52)
	at io.appium.java_client.AppiumDriver.findElement(AppiumDriver.java:1)
	at io.appium.java_client.android.AndroidDriver.findElement(AndroidDriver.java:1)
	at mBankingBaseFactory.AppiumController.sendText(AppiumController.java:857)
	at mBankingPageObjectFactory.LoginPage.loginApp(LoginPage.java:58)
	at mBankingTestPages.LoginPageTest.appLogin(LoginPageTest.java:36)
	at sun.reflect.NativeMethodAccessorImpl.invoke0(Native Method)
	at sun.reflect.NativeMethodAccessorImpl.invoke(NativeMethodAccessorImpl.java:62)
	at sun.reflect.DelegatingMethodAccessorImpl.invoke(DelegatingMethodAccessorImpl.java:43)
	at java.lang.reflect.Method.invoke(Method.java:498)
	at org.testng.internal.MethodInvocationHelper.invokeMethod(MethodInvocationHelper.java:108)
	at org.testng.internal.Invoker.invokeMethod(Invoker.java:669)
	at org.testng.internal.Invoker.invokeTestMethod(Invoker.java:877)
	at org.testng.internal.Invoker.invokeTestMethods(Invoker.java:1201)
	at org.testng.internal.TestMethodWorker.invokeTestMethods(TestMethodWorker.java:125)
	at org.testng.internal.TestMethodWorker.run(TestMethodWorker.java:109)
	at org.testng.TestRunner.privateRun(TestRunner.java:776)
	at org.testng.TestRunner.run(TestRunner.java:634)
	at org.testng.SuiteRunner.runTest(SuiteRunner.java:425)
	at org.testng.SuiteRunner.runSequentially(SuiteRunner.java:420)
	at org.testng.SuiteRunner.privateRun(SuiteRunner.java:385)
	at org.testng.SuiteRunner.run(SuiteRunner.java:334)
	at org.testng.SuiteRunnerWorker.runSuite(SuiteRunnerWorker.java:52)
	at org.testng.SuiteRunnerWorker.run(SuiteRunnerWorker.java:86)
	at org.testng.TestNG.runSuitesSequentially(TestNG.java:1318)
	at org.testng.TestNG.runSuitesLocally(TestNG.java:1243)
	at org.testng.TestNG.runSuites(TestNG.java:1161)
	at org.testng.TestNG.run(TestNG.java:1129)
	at org.testng.remote.AbstractRemoteTestNG.run(AbstractRemoteTestNG.java:114)
	at org.testng.remote.RemoteTestNG.initAndRun(RemoteTestNG.java:251)
	at org.testng.remote.RemoteTestNG.main(RemoteTestNG.java:77)
]]>
            </full-stacktrace>
          </exception> <!-- org.openqa.selenium.NoSuchElementException -->
          <reporter-output>
          </reporter-output>
        </test-method> <!-- appLogin -->
        <test-method status="PASS" signature="extentGetResult(org.testng.ITestResult)[pri:0, instance:mBankingTestPages.LoginPageTest@31330c]" name="extentGetResult" is-config="true" duration-ms="9011" started-at="2018-03-16T10:30:49Z" finished-at="2018-03-16T10:30:58Z">
          <params>
            <param index="0">
              <value>
                <![CDATA[[TestResult name=appLogin status=FAILURE method=LoginPageTest.appLogin()[pri:2, instance:mBankingTestPages.LoginPageTest@31330c] output={null}]]]>
              </value>
            </param>
          </params>
          <reporter-output>
          </reporter-output>
        </test-method> <!-- extentGetResult -->
        <test-method status="PASS" signature="tearDown()[pri:0, instance:mBankingTestPages.LoginPageTest@31330c]" name="tearDown" is-config="true" duration-ms="230" started-at="2018-03-16T10:30:58Z" finished-at="2018-03-16T10:30:59Z">
          <reporter-output>
          </reporter-output>
        </test-method> <!-- tearDown -->
      </class> <!-- mBankingTestPages.LoginPageTest -->
    </test> <!-- Default test -->
  </suite> <!-- Default suite -->
</testng-results>
