<?xml version="1.0" encoding="UTF-8"?>
<!-- Generated by org.testng.reporters.JUnitXMLReporter -->
<testsuite hostname="FSSCHND13937" ignored="0" name="Test2" tests="2" failures="1" timestamp="16 Mar 2018 08:44:31 GMT" time="17.447" errors="0">
  <testcase name="custName" time="4.759" classname="mBankingTestPages.HomePageTest"/>
  <testcase name="checkHelp" time="4.811" classname="mBankingTestPages.HomePageTest">
    <failure type="org.openqa.selenium.NoSuchElementException" message="Can&amp;apos;t locate an element by this strategy: Locator map: 
- native content: &amp;quot;By.xpath: //android.widget.TextView[@index=&amp;apos;1&amp;apos;]&amp;quot; 
- html content: &amp;quot;by id or name &amp;quot;helpTextView&amp;quot;&amp;quot;
For documentation on this error, please visit: http://seleniumhq.org/exceptions/no_such_element.html
Build info: version: &amp;apos;2.53.1&amp;apos;, revision: &amp;apos;a36b8b1cd5757287168e54b817830adce9b0158d&amp;apos;, time: &amp;apos;2016-06-30 19:26:09&amp;apos;
System info: host: &amp;apos;FSSCHND13937&amp;apos;, ip: &amp;apos;10.44.71.115&amp;apos;, os.name: &amp;apos;Windows 7&amp;apos;, os.arch: &amp;apos;x86&amp;apos;, os.version: &amp;apos;6.1&amp;apos;, java.version: &amp;apos;1.8.0_144&amp;apos;
Driver info: driver.version: unknown">
      <![CDATA[org.openqa.selenium.NoSuchElementException: Can't locate an element by this strategy: Locator map: 
- native content: "By.xpath: //android.widget.TextView[@index='1']" 
- html content: "by id or name "helpTextView""
For documentation on this error, please visit: http://seleniumhq.org/exceptions/no_such_element.html
Build info: version: '2.53.1', revision: 'a36b8b1cd5757287168e54b817830adce9b0158d', time: '2016-06-30 19:26:09'
System info: host: 'FSSCHND13937', ip: '10.44.71.115', os.name: 'Windows 7', os.arch: 'x86', os.version: '6.1', java.version: '1.8.0_144'
Driver info: driver.version: unknown
	at io.appium.java_client.pagefactory.AppiumElementLocator.findElement(AppiumElementLocator.java:110)
	at io.appium.java_client.pagefactory.interceptors.InterceptorOfASingleElement.intercept(InterceptorOfASingleElement.java:57)
	at io.appium.java_client.android.AndroidElement$$EnhancerByCGLIB$$c0b591f0.getAttribute(<generated>)
	at mBankingPageObjectFactory.HomePage.help(HomePage.java:64)
	at mBankingTestPages.HomePageTest.checkHelp(HomePageTest.java:39)
... Removed 25 stack frames]]>
    </failure>
  </testcase> <!-- checkHelp -->
</testsuite> <!-- Test2 -->
