<?xml version="1.0" encoding="UTF-8"?>
<!-- Generated by org.testng.reporters.JUnitXMLReporter -->
<testsuite hostname="DESKTOP-2749E4C" ignored="0" name="Test2" tests="2" failures="0" timestamp="2022-04-30T10:56:14 IST" time="0.018" errors="0">
  <testcase name="@BeforeMethod extentbeforeMethod" time="-1.651296374786E9" classname="mBankingBaseFactory.AppiumController">
    <skipped/>
  </testcase> <!-- @BeforeMethod extentbeforeMethod -->
  <testcase name="@AfterMethod extentGetResult" time="-1.651296374792E9" classname="mBankingBaseFactory.AppiumController">
    <skipped/>
  </testcase> <!-- @AfterMethod extentGetResult -->
  <testcase name="@BeforeMethod extentbeforeMethod" time="-1.651296374795E9" classname="mBankingBaseFactory.AppiumController">
    <skipped/>
  </testcase> <!-- @BeforeMethod extentbeforeMethod -->
  <testcase name="@AfterMethod extentGetResult" time="-1.6512963748E9" classname="mBankingBaseFactory.AppiumController">
    <skipped/>
  </testcase> <!-- @AfterMethod extentGetResult -->
  <testcase name="custName" time="0.0" classname="mBankingTestPages.HomePageTest">
    <skipped/>
  </testcase> <!-- custName -->
  <testcase name="checkHelp" time="0.0" classname="mBankingTestPages.HomePageTest">
    <skipped/>
  </testcase> <!-- checkHelp -->
</testsuite> <!-- Test2 -->
